2024-09-07T08:03:59.040+05:30  INFO 5496 --- [movie-api] [main] com.movieapi.MovieApiApplicationTests    : Starting MovieApiApplicationTests using Java 17.0.11 with PID 5496 (started by admin in C:\WorkSpace\Applications\movie-api)
2024-09-07T08:03:59.058+05:30  INFO 5496 --- [movie-api] [main] com.movieapi.MovieApiApplicationTests    : No active profile set, falling back to 1 default profile: "default"
2024-09-07T08:04:03.192+05:30  INFO 5496 --- [movie-api] [main] .s.d.r.c.RepositoryConfigurationDelegate : Bootstrapping Spring Data JPA repositories in DEFAULT mode.
2024-09-07T08:04:03.580+05:30  INFO 5496 --- [movie-api] [main] .s.d.r.c.RepositoryConfigurationDelegate : Finished Spring Data repository scanning in 359 ms. Found 4 JPA repository interfaces.
2024-09-07T08:04:05.347+05:30  INFO 5496 --- [movie-api] [main] o.hibernate.jpa.internal.util.LogHelper  : HHH000204: Processing PersistenceUnitInfo [name: default]
2024-09-07T08:04:05.603+05:30  INFO 5496 --- [movie-api] [main] org.hibernate.Version                    : HHH000412: Hibernate ORM core version 6.5.2.Final
2024-09-07T08:04:05.752+05:30  INFO 5496 --- [movie-api] [main] o.h.c.internal.RegionFactoryInitiator    : HHH000026: Second-level cache disabled
2024-09-07T08:04:06.864+05:30  INFO 5496 --- [movie-api] [main] o.s.o.j.p.SpringPersistenceUnitInfo      : No LoadTimeWeaver setup: ignoring JPA class transformer
2024-09-07T08:04:06.974+05:30  INFO 5496 --- [movie-api] [main] com.zaxxer.hikari.HikariDataSource       : HikariPool-1 - Starting...
2024-09-07T08:04:08.569+05:30  INFO 5496 --- [movie-api] [main] com.zaxxer.hikari.pool.HikariPool        : HikariPool-1 - Added connection com.mysql.cj.jdbc.ConnectionImpl@d978ab9
2024-09-07T08:04:08.577+05:30  INFO 5496 --- [movie-api] [main] com.zaxxer.hikari.HikariDataSource       : HikariPool-1 - Start completed.
2024-09-07T08:04:12.495+05:30  INFO 5496 --- [movie-api] [main] o.h.e.t.j.p.i.JtaPlatformInitiator       : HHH000489: No JTA platform available (set 'hibernate.transaction.jta.platform' to enable JTA platform integration)
2024-09-07T08:04:12.916+05:30  INFO 5496 --- [movie-api] [main] j.LocalContainerEntityManagerFactoryBean : Initialized JPA EntityManagerFactory for persistence unit 'default'
2024-09-07T08:04:14.007+05:30  INFO 5496 --- [movie-api] [main] o.s.d.j.r.query.QueryEnhancerFactory     : Hibernate is in classpath; If applicable, HQL parser will be used.
2024-09-07T08:04:15.629+05:30  INFO 5496 --- [movie-api] [main] eAuthenticationProviderManagerConfigurer : Global AuthenticationManager configured with AuthenticationProvider bean with name authenticationProvider
2024-09-07T08:04:15.631+05:30  WARN 5496 --- [movie-api] [main] r$InitializeUserDetailsManagerConfigurer : Global AuthenticationManager configured with an AuthenticationProvider bean. UserDetailsService beans will not be used for username/password login. Consider removing the AuthenticationProvider bean. Alternatively, consider using the UserDetailsService in a manually instantiated DaoAuthenticationProvider.
2024-09-07T08:04:16.678+05:30  WARN 5496 --- [movie-api] [main] JpaBaseConfiguration$JpaWebConfiguration : spring.jpa.open-in-view is enabled by default. Therefore, database queries may be performed during view rendering. Explicitly configure spring.jpa.open-in-view to disable this warning
2024-09-07T08:04:19.180+05:30  INFO 5496 --- [movie-api] [main] com.movieapi.MovieApiApplicationTests    : Started MovieApiApplicationTests in 21.077 seconds (process running for 26.95)
2024-09-07T08:04:22.470+05:30  INFO 5496 --- [movie-api] [SpringApplicationShutdownHook] j.LocalContainerEntityManagerFactoryBean : Closing JPA EntityManagerFactory for persistence unit 'default'
2024-09-07T08:04:22.545+05:30  INFO 5496 --- [movie-api] [SpringApplicationShutdownHook] com.zaxxer.hikari.HikariDataSource       : HikariPool-1 - Shutdown initiated...
2024-09-07T08:04:22.654+05:30  INFO 5496 --- [movie-api] [SpringApplicationShutdownHook] com.zaxxer.hikari.HikariDataSource       : HikariPool-1 - Shutdown completed.
2024-09-07T09:12:16.475+05:30  INFO 11516 --- [movie-api] [main] com.movieapi.MovieApiApplicationTests    : Starting MovieApiApplicationTests using Java 17.0.11 with PID 11516 (started by admin in C:\WorkSpace\Applications\movie-api)
2024-09-07T09:12:16.480+05:30  INFO 11516 --- [movie-api] [main] com.movieapi.MovieApiApplicationTests    : No active profile set, falling back to 1 default profile: "default"
2024-09-07T09:12:19.352+05:30  INFO 11516 --- [movie-api] [main] .s.d.r.c.RepositoryConfigurationDelegate : Bootstrapping Spring Data JPA repositories in DEFAULT mode.
2024-09-07T09:12:19.498+05:30  INFO 11516 --- [movie-api] [main] .s.d.r.c.RepositoryConfigurationDelegate : Finished Spring Data repository scanning in 128 ms. Found 4 JPA repository interfaces.
2024-09-07T09:12:22.263+05:30  INFO 11516 --- [movie-api] [main] o.hibernate.jpa.internal.util.LogHelper  : HHH000204: Processing PersistenceUnitInfo [name: default]
2024-09-07T09:12:22.539+05:30  INFO 11516 --- [movie-api] [main] org.hibernate.Version                    : HHH000412: Hibernate ORM core version 6.5.2.Final
2024-09-07T09:12:22.650+05:30  INFO 11516 --- [movie-api] [main] o.h.c.internal.RegionFactoryInitiator    : HHH000026: Second-level cache disabled
2024-09-07T09:12:23.372+05:30  INFO 11516 --- [movie-api] [main] o.s.o.j.p.SpringPersistenceUnitInfo      : No LoadTimeWeaver setup: ignoring JPA class transformer
2024-09-07T09:12:23.446+05:30  INFO 11516 --- [movie-api] [main] com.zaxxer.hikari.HikariDataSource       : HikariPool-1 - Starting...
2024-09-07T09:12:24.463+05:30  INFO 11516 --- [movie-api] [main] com.zaxxer.hikari.pool.HikariPool        : HikariPool-1 - Added connection com.mysql.cj.jdbc.ConnectionImpl@54a6ef6
2024-09-07T09:12:24.467+05:30  INFO 11516 --- [movie-api] [main] com.zaxxer.hikari.HikariDataSource       : HikariPool-1 - Start completed.
2024-09-07T09:12:26.827+05:30  INFO 11516 --- [movie-api] [main] o.h.e.t.j.p.i.JtaPlatformInitiator       : HHH000489: No JTA platform available (set 'hibernate.transaction.jta.platform' to enable JTA platform integration)
2024-09-07T09:12:27.097+05:30  INFO 11516 --- [movie-api] [main] j.LocalContainerEntityManagerFactoryBean : Initialized JPA EntityManagerFactory for persistence unit 'default'
2024-09-07T09:12:28.217+05:30  INFO 11516 --- [movie-api] [main] o.s.d.j.r.query.QueryEnhancerFactory     : Hibernate is in classpath; If applicable, HQL parser will be used.
2024-09-07T09:12:29.069+05:30  INFO 11516 --- [movie-api] [main] eAuthenticationProviderManagerConfigurer : Global AuthenticationManager configured with AuthenticationProvider bean with name authenticationProvider
2024-09-07T09:12:29.071+05:30  WARN 11516 --- [movie-api] [main] r$InitializeUserDetailsManagerConfigurer : Global AuthenticationManager configured with an AuthenticationProvider bean. UserDetailsService beans will not be used for username/password login. Consider removing the AuthenticationProvider bean. Alternatively, consider using the UserDetailsService in a manually instantiated DaoAuthenticationProvider.
2024-09-07T09:12:29.634+05:30  WARN 11516 --- [movie-api] [main] JpaBaseConfiguration$JpaWebConfiguration : spring.jpa.open-in-view is enabled by default. Therefore, database queries may be performed during view rendering. Explicitly configure spring.jpa.open-in-view to disable this warning
2024-09-07T09:12:31.997+05:30  INFO 11516 --- [movie-api] [main] com.movieapi.MovieApiApplicationTests    : Started MovieApiApplicationTests in 16.343 seconds (process running for 19.017)
2024-09-07T09:12:34.505+05:30  INFO 11516 --- [movie-api] [SpringApplicationShutdownHook] j.LocalContainerEntityManagerFactoryBean : Closing JPA EntityManagerFactory for persistence unit 'default'
2024-09-07T09:12:34.509+05:30  INFO 11516 --- [movie-api] [SpringApplicationShutdownHook] com.zaxxer.hikari.HikariDataSource       : HikariPool-1 - Shutdown initiated...
2024-09-07T09:12:34.537+05:30  INFO 11516 --- [movie-api] [SpringApplicationShutdownHook] com.zaxxer.hikari.HikariDataSource       : HikariPool-1 - Shutdown completed.
2024-09-07T10:28:26.397+05:30  INFO 11168 --- [movie-api] [main] com.movieapi.MovieApiApplicationTests    : Starting MovieApiApplicationTests using Java 17.0.11 with PID 11168 (started by admin in C:\WorkSpace\Applications\movie-api)
2024-09-07T10:28:26.401+05:30  INFO 11168 --- [movie-api] [main] com.movieapi.MovieApiApplicationTests    : No active profile set, falling back to 1 default profile: "default"
2024-09-07T10:28:28.586+05:30  INFO 11168 --- [movie-api] [main] .s.d.r.c.RepositoryConfigurationDelegate : Bootstrapping Spring Data JPA repositories in DEFAULT mode.
2024-09-07T10:28:28.718+05:30  INFO 11168 --- [movie-api] [main] .s.d.r.c.RepositoryConfigurationDelegate : Finished Spring Data repository scanning in 116 ms. Found 4 JPA repository interfaces.
2024-09-07T10:28:29.724+05:30  INFO 11168 --- [movie-api] [main] o.hibernate.jpa.internal.util.LogHelper  : HHH000204: Processing PersistenceUnitInfo [name: default]
2024-09-07T10:28:29.856+05:30  INFO 11168 --- [movie-api] [main] org.hibernate.Version                    : HHH000412: Hibernate ORM core version 6.5.2.Final
2024-09-07T10:28:29.932+05:30  INFO 11168 --- [movie-api] [main] o.h.c.internal.RegionFactoryInitiator    : HHH000026: Second-level cache disabled
2024-09-07T10:28:30.772+05:30  INFO 11168 --- [movie-api] [main] o.s.o.j.p.SpringPersistenceUnitInfo      : No LoadTimeWeaver setup: ignoring JPA class transformer
2024-09-07T10:28:30.832+05:30  INFO 11168 --- [movie-api] [main] com.zaxxer.hikari.HikariDataSource       : HikariPool-1 - Starting...
2024-09-07T10:28:31.670+05:30  INFO 11168 --- [movie-api] [main] com.zaxxer.hikari.pool.HikariPool        : HikariPool-1 - Added connection com.mysql.cj.jdbc.ConnectionImpl@45e69324
2024-09-07T10:28:31.674+05:30  INFO 11168 --- [movie-api] [main] com.zaxxer.hikari.HikariDataSource       : HikariPool-1 - Start completed.
2024-09-07T10:28:33.727+05:30  INFO 11168 --- [movie-api] [main] o.h.e.t.j.p.i.JtaPlatformInitiator       : HHH000489: No JTA platform available (set 'hibernate.transaction.jta.platform' to enable JTA platform integration)
2024-09-07T10:28:33.985+05:30  INFO 11168 --- [movie-api] [main] j.LocalContainerEntityManagerFactoryBean : Initialized JPA EntityManagerFactory for persistence unit 'default'
2024-09-07T10:28:34.523+05:30  INFO 11168 --- [movie-api] [main] o.s.d.j.r.query.QueryEnhancerFactory     : Hibernate is in classpath; If applicable, HQL parser will be used.
2024-09-07T10:28:35.200+05:30  INFO 11168 --- [movie-api] [main] eAuthenticationProviderManagerConfigurer : Global AuthenticationManager configured with AuthenticationProvider bean with name authenticationProvider
2024-09-07T10:28:35.201+05:30  WARN 11168 --- [movie-api] [main] r$InitializeUserDetailsManagerConfigurer : Global AuthenticationManager configured with an AuthenticationProvider bean. UserDetailsService beans will not be used for username/password login. Consider removing the AuthenticationProvider bean. Alternatively, consider using the UserDetailsService in a manually instantiated DaoAuthenticationProvider.
2024-09-07T10:28:35.749+05:30  WARN 11168 --- [movie-api] [main] JpaBaseConfiguration$JpaWebConfiguration : spring.jpa.open-in-view is enabled by default. Therefore, database queries may be performed during view rendering. Explicitly configure spring.jpa.open-in-view to disable this warning
2024-09-07T10:28:37.174+05:30  INFO 11168 --- [movie-api] [main] com.movieapi.MovieApiApplicationTests    : Started MovieApiApplicationTests in 11.354 seconds (process running for 13.734)
2024-09-07T10:28:38.584+05:30  INFO 11168 --- [movie-api] [SpringApplicationShutdownHook] j.LocalContainerEntityManagerFactoryBean : Closing JPA EntityManagerFactory for persistence unit 'default'
2024-09-07T10:28:38.589+05:30  INFO 11168 --- [movie-api] [SpringApplicationShutdownHook] com.zaxxer.hikari.HikariDataSource       : HikariPool-1 - Shutdown initiated...
2024-09-07T10:28:38.605+05:30  INFO 11168 --- [movie-api] [SpringApplicationShutdownHook] com.zaxxer.hikari.HikariDataSource       : HikariPool-1 - Shutdown completed.
2024-09-07T10:52:35.932+05:30  INFO 12208 --- [movie-api] [main] com.movieapi.MovieApiApplicationTests    : Starting MovieApiApplicationTests using Java 17.0.11 with PID 12208 (started by admin in C:\WorkSpace\Applications\movie-api)
2024-09-07T10:52:35.936+05:30  INFO 12208 --- [movie-api] [main] com.movieapi.MovieApiApplicationTests    : No active profile set, falling back to 1 default profile: "default"
2024-09-07T10:52:40.736+05:30  INFO 12208 --- [movie-api] [main] .s.d.r.c.RepositoryConfigurationDelegate : Bootstrapping Spring Data JPA repositories in DEFAULT mode.
2024-09-07T10:52:40.933+05:30  INFO 12208 --- [movie-api] [main] .s.d.r.c.RepositoryConfigurationDelegate : Finished Spring Data repository scanning in 171 ms. Found 4 JPA repository interfaces.
2024-09-07T10:52:42.802+05:30  INFO 12208 --- [movie-api] [main] o.hibernate.jpa.internal.util.LogHelper  : HHH000204: Processing PersistenceUnitInfo [name: default]
2024-09-07T10:52:42.959+05:30  INFO 12208 --- [movie-api] [main] org.hibernate.Version                    : HHH000412: Hibernate ORM core version 6.5.2.Final
2024-09-07T10:52:43.068+05:30  INFO 12208 --- [movie-api] [main] o.h.c.internal.RegionFactoryInitiator    : HHH000026: Second-level cache disabled
2024-09-07T10:52:43.974+05:30  INFO 12208 --- [movie-api] [main] o.s.o.j.p.SpringPersistenceUnitInfo      : No LoadTimeWeaver setup: ignoring JPA class transformer
2024-09-07T10:52:44.031+05:30  INFO 12208 --- [movie-api] [main] com.zaxxer.hikari.HikariDataSource       : HikariPool-1 - Starting...
2024-09-07T10:52:44.911+05:30  INFO 12208 --- [movie-api] [main] com.zaxxer.hikari.pool.HikariPool        : HikariPool-1 - Added connection com.mysql.cj.jdbc.ConnectionImpl@5f5a33ed
2024-09-07T10:52:44.917+05:30  INFO 12208 --- [movie-api] [main] com.zaxxer.hikari.HikariDataSource       : HikariPool-1 - Start completed.
2024-09-07T10:52:50.167+05:30  INFO 12208 --- [movie-api] [main] o.h.e.t.j.p.i.JtaPlatformInitiator       : HHH000489: No JTA platform available (set 'hibernate.transaction.jta.platform' to enable JTA platform integration)
2024-09-07T10:52:50.501+05:30  INFO 12208 --- [movie-api] [main] j.LocalContainerEntityManagerFactoryBean : Initialized JPA EntityManagerFactory for persistence unit 'default'
2024-09-07T10:52:52.936+05:30  INFO 12208 --- [movie-api] [main] o.s.d.j.r.query.QueryEnhancerFactory     : Hibernate is in classpath; If applicable, HQL parser will be used.
2024-09-07T10:52:53.963+05:30  INFO 12208 --- [movie-api] [main] eAuthenticationProviderManagerConfigurer : Global AuthenticationManager configured with AuthenticationProvider bean with name authenticationProvider
2024-09-07T10:52:53.965+05:30  WARN 12208 --- [movie-api] [main] r$InitializeUserDetailsManagerConfigurer : Global AuthenticationManager configured with an AuthenticationProvider bean. UserDetailsService beans will not be used for username/password login. Consider removing the AuthenticationProvider bean. Alternatively, consider using the UserDetailsService in a manually instantiated DaoAuthenticationProvider.
2024-09-07T10:52:54.428+05:30  WARN 12208 --- [movie-api] [main] JpaBaseConfiguration$JpaWebConfiguration : spring.jpa.open-in-view is enabled by default. Therefore, database queries may be performed during view rendering. Explicitly configure spring.jpa.open-in-view to disable this warning
2024-09-07T10:52:55.800+05:30  INFO 12208 --- [movie-api] [main] com.movieapi.MovieApiApplicationTests    : Started MovieApiApplicationTests in 20.5 seconds (process running for 25.337)
2024-09-07T10:52:57.328+05:30  INFO 12208 --- [movie-api] [SpringApplicationShutdownHook] j.LocalContainerEntityManagerFactoryBean : Closing JPA EntityManagerFactory for persistence unit 'default'
2024-09-07T10:52:57.333+05:30  INFO 12208 --- [movie-api] [SpringApplicationShutdownHook] com.zaxxer.hikari.HikariDataSource       : HikariPool-1 - Shutdown initiated...
2024-09-07T10:52:57.359+05:30  INFO 12208 --- [movie-api] [SpringApplicationShutdownHook] com.zaxxer.hikari.HikariDataSource       : HikariPool-1 - Shutdown completed.
2024-09-07T10:57:28.039+05:30  INFO 6156 --- [movie-api] [main] com.movieapi.MovieApiApplicationTests    : Starting MovieApiApplicationTests using Java 17.0.11 with PID 6156 (started by admin in C:\WorkSpace\Applications\movie-api)
2024-09-07T10:57:28.042+05:30  INFO 6156 --- [movie-api] [main] com.movieapi.MovieApiApplicationTests    : No active profile set, falling back to 1 default profile: "default"
2024-09-07T10:57:31.161+05:30  INFO 6156 --- [movie-api] [main] .s.d.r.c.RepositoryConfigurationDelegate : Bootstrapping Spring Data JPA repositories in DEFAULT mode.
2024-09-07T10:57:31.394+05:30  INFO 6156 --- [movie-api] [main] .s.d.r.c.RepositoryConfigurationDelegate : Finished Spring Data repository scanning in 207 ms. Found 4 JPA repository interfaces.
2024-09-07T10:57:33.302+05:30  INFO 6156 --- [movie-api] [main] o.hibernate.jpa.internal.util.LogHelper  : HHH000204: Processing PersistenceUnitInfo [name: default]
2024-09-07T10:57:33.448+05:30  INFO 6156 --- [movie-api] [main] org.hibernate.Version                    : HHH000412: Hibernate ORM core version 6.5.2.Final
2024-09-07T10:57:33.558+05:30  INFO 6156 --- [movie-api] [main] o.h.c.internal.RegionFactoryInitiator    : HHH000026: Second-level cache disabled
2024-09-07T10:57:34.233+05:30  INFO 6156 --- [movie-api] [main] o.s.o.j.p.SpringPersistenceUnitInfo      : No LoadTimeWeaver setup: ignoring JPA class transformer
2024-09-07T10:57:34.296+05:30  INFO 6156 --- [movie-api] [main] com.zaxxer.hikari.HikariDataSource       : HikariPool-1 - Starting...
2024-09-07T10:57:35.087+05:30  INFO 6156 --- [movie-api] [main] com.zaxxer.hikari.pool.HikariPool        : HikariPool-1 - Added connection com.mysql.cj.jdbc.ConnectionImpl@2168def
2024-09-07T10:57:35.090+05:30  INFO 6156 --- [movie-api] [main] com.zaxxer.hikari.HikariDataSource       : HikariPool-1 - Start completed.
2024-09-07T10:57:38.702+05:30  INFO 6156 --- [movie-api] [main] o.h.e.t.j.p.i.JtaPlatformInitiator       : HHH000489: No JTA platform available (set 'hibernate.transaction.jta.platform' to enable JTA platform integration)
2024-09-07T10:57:38.951+05:30  INFO 6156 --- [movie-api] [main] j.LocalContainerEntityManagerFactoryBean : Initialized JPA EntityManagerFactory for persistence unit 'default'
2024-09-07T10:57:40.249+05:30  INFO 6156 --- [movie-api] [main] o.s.d.j.r.query.QueryEnhancerFactory     : Hibernate is in classpath; If applicable, HQL parser will be used.
2024-09-07T10:57:40.891+05:30  INFO 6156 --- [movie-api] [main] eAuthenticationProviderManagerConfigurer : Global AuthenticationManager configured with AuthenticationProvider bean with name authenticationProvider
2024-09-07T10:57:40.893+05:30  WARN 6156 --- [movie-api] [main] r$InitializeUserDetailsManagerConfigurer : Global AuthenticationManager configured with an AuthenticationProvider bean. UserDetailsService beans will not be used for username/password login. Consider removing the AuthenticationProvider bean. Alternatively, consider using the UserDetailsService in a manually instantiated DaoAuthenticationProvider.
2024-09-07T10:57:41.169+05:30  WARN 6156 --- [movie-api] [main] JpaBaseConfiguration$JpaWebConfiguration : spring.jpa.open-in-view is enabled by default. Therefore, database queries may be performed during view rendering. Explicitly configure spring.jpa.open-in-view to disable this warning
2024-09-07T10:57:42.492+05:30  INFO 6156 --- [movie-api] [main] com.movieapi.MovieApiApplicationTests    : Started MovieApiApplicationTests in 15.405 seconds (process running for 17.64)
2024-09-07T10:57:45.467+05:30  INFO 6156 --- [movie-api] [SpringApplicationShutdownHook] j.LocalContainerEntityManagerFactoryBean : Closing JPA EntityManagerFactory for persistence unit 'default'
2024-09-07T10:57:45.472+05:30  INFO 6156 --- [movie-api] [SpringApplicationShutdownHook] com.zaxxer.hikari.HikariDataSource       : HikariPool-1 - Shutdown initiated...
2024-09-07T10:57:45.497+05:30  INFO 6156 --- [movie-api] [SpringApplicationShutdownHook] com.zaxxer.hikari.HikariDataSource       : HikariPool-1 - Shutdown completed.
